[2024-09-11 00:48:49,523: INFO: main: Welcome to our custom log]
[2024-09-11 00:50:55,770: INFO: main: Welcome to our custom log]
[2024-09-11 18:09:02,952: INFO: common: yaml file: config\config.yaml loaded successfully]
[2024-09-11 18:09:02,956: INFO: common: yaml file: params.yaml loaded successfully]
[2024-09-11 18:09:02,959: INFO: common: created directory at: artifacts]
[2024-09-11 18:09:02,962: INFO: common: created directory at: artifacts/data_ingestion]
[2024-09-11 18:09:02,965: INFO: 986331348: Downloading data from https://drive.google.com/file/d/1eofOgcNdACgYHW_yu7G12C_DSwjSoB_2/view?usp=sharing into file artifacts/data_ingestion/data.zip]
[2024-09-11 18:12:18,611: INFO: 986331348: Downloaded data from https://drive.google.com/file/d/1eofOgcNdACgYHW_yu7G12C_DSwjSoB_2/view?usp=sharing into file artifacts/data_ingestion/data.zip]
[2024-09-11 18:52:27,971: INFO: main: >>>>>> stage Data Ingestion Stage started <<<<<<]
[2024-09-11 18:52:27,974: INFO: common: yaml file: config\config.yaml loaded successfully]
[2024-09-11 18:52:27,975: INFO: common: yaml file: params.yaml loaded successfully]
[2024-09-11 18:52:27,976: INFO: common: created directory at: artifacts]
[2024-09-11 18:52:27,976: INFO: common: created directory at: artifacts/data_ingestion]
[2024-09-11 18:52:27,977: INFO: data_ingestion: Downloading data from https://drive.google.com/file/d/1eofOgcNdACgYHW_yu7G12C_DSwjSoB_2/view?usp=sharing into file artifacts/data_ingestion/data.zip]
[2024-09-11 18:57:04,979: INFO: data_ingestion: Downloaded data from https://drive.google.com/file/d/1eofOgcNdACgYHW_yu7G12C_DSwjSoB_2/view?usp=sharing into file artifacts/data_ingestion/data.zip]
[2024-09-11 18:57:39,418: INFO: main: >>>>>> stage Data Ingestion Stage completed <<<<<<

x==========x]
[2024-09-11 20:02:41,808: INFO: common: yaml file: config\config.yaml loaded successfully]
[2024-09-11 20:02:41,830: INFO: common: yaml file: params.yaml loaded successfully]
[2024-09-11 20:02:41,834: INFO: common: created directory at: artifacts]
[2024-09-11 20:02:41,837: INFO: common: created directory at: artifacts/prepare_base_model]
[2024-09-11 20:02:57,838: WARNING: saving_utils: Compiled the loaded model, but the compiled metrics have yet to be built. `model.compile_metrics` will be empty until you train or evaluate the model.]
[2024-09-11 20:24:31,212: INFO: main: >>>>>> stage Data Ingestion Stage started <<<<<<]
[2024-09-11 20:24:31,216: INFO: common: yaml file: config\config.yaml loaded successfully]
[2024-09-11 20:24:31,219: INFO: common: yaml file: params.yaml loaded successfully]
[2024-09-11 20:24:31,219: INFO: common: created directory at: artifacts]
[2024-09-11 20:24:31,220: INFO: common: created directory at: artifacts/data_ingestion]
[2024-09-11 20:24:31,221: INFO: data_ingestion: Downloading data from https://drive.google.com/file/d/1eofOgcNdACgYHW_yu7G12C_DSwjSoB_2/view?usp=sharing into file artifacts/data_ingestion/data.zip]
[2024-09-11 20:27:50,368: INFO: data_ingestion: Downloaded data from https://drive.google.com/file/d/1eofOgcNdACgYHW_yu7G12C_DSwjSoB_2/view?usp=sharing into file artifacts/data_ingestion/data.zip]
[2024-09-11 20:28:04,996: INFO: main: >>>>>> stage Data Ingestion Stage completed <<<<<<

x==========x]
[2024-09-11 20:28:04,997: INFO: main: *******************]
[2024-09-11 20:28:04,997: INFO: main: >>>>>> stage Prepare base model started <<<<<<]
[2024-09-11 20:28:05,003: INFO: common: yaml file: config\config.yaml loaded successfully]
[2024-09-11 20:28:05,009: INFO: common: yaml file: params.yaml loaded successfully]
[2024-09-11 20:28:05,010: INFO: common: created directory at: artifacts]
[2024-09-11 20:28:05,011: INFO: common: created directory at: artifacts/prepare_base_model]
[2024-09-11 20:28:06,941: WARNING: saving_utils: Compiled the loaded model, but the compiled metrics have yet to be built. `model.compile_metrics` will be empty until you train or evaluate the model.]
[2024-09-11 20:28:07,552: INFO: main: >>>>>> stage Prepare base model completed <<<<<<

x==========x]
[2024-09-11 20:59:22,196: INFO: common: yaml file: config\config.yaml loaded successfully]
[2024-09-11 20:59:22,203: INFO: common: yaml file: params.yaml loaded successfully]
[2024-09-11 20:59:22,206: INFO: common: created directory at: artifacts]
[2024-09-11 20:59:22,210: INFO: common: created directory at: artifacts\training]
[2024-09-11 21:00:23,941: INFO: common: yaml file: config\config.yaml loaded successfully]
[2024-09-11 21:00:23,946: INFO: common: yaml file: params.yaml loaded successfully]
[2024-09-11 21:00:23,950: INFO: common: created directory at: artifacts]
[2024-09-11 21:00:23,954: INFO: common: created directory at: artifacts\training]
[2024-09-11 21:01:21,597: INFO: common: yaml file: config\config.yaml loaded successfully]
[2024-09-11 21:01:21,606: INFO: common: yaml file: params.yaml loaded successfully]
[2024-09-11 21:01:21,609: INFO: common: created directory at: artifacts]
[2024-09-11 21:01:21,612: INFO: common: created directory at: artifacts\training]
[2024-09-11 21:03:16,987: INFO: common: yaml file: config\config.yaml loaded successfully]
[2024-09-11 21:03:16,992: INFO: common: yaml file: params.yaml loaded successfully]
[2024-09-11 21:03:16,994: INFO: common: created directory at: artifacts]
[2024-09-11 21:03:16,996: INFO: common: created directory at: artifacts\training]
[2024-09-11 21:43:28,538: INFO: main: >>>>>> stage Data Ingestion Stage started <<<<<<]
[2024-09-11 21:43:28,542: INFO: common: yaml file: config\config.yaml loaded successfully]
[2024-09-11 21:43:28,544: INFO: common: yaml file: params.yaml loaded successfully]
[2024-09-11 21:43:28,545: INFO: common: created directory at: artifacts]
[2024-09-11 21:43:28,547: INFO: common: created directory at: artifacts/data_ingestion]
[2024-09-11 21:43:28,548: INFO: data_ingestion: Downloading data from https://drive.google.com/file/d/1eofOgcNdACgYHW_yu7G12C_DSwjSoB_2/view?usp=sharing into file artifacts/data_ingestion/data.zip]
[2024-09-11 21:46:45,082: INFO: data_ingestion: Downloaded data from https://drive.google.com/file/d/1eofOgcNdACgYHW_yu7G12C_DSwjSoB_2/view?usp=sharing into file artifacts/data_ingestion/data.zip]
[2024-09-11 21:46:59,787: INFO: main: >>>>>> stage Data Ingestion Stage completed <<<<<<

x==========x]
[2024-09-11 21:46:59,788: INFO: main: *******************]
[2024-09-11 21:46:59,789: INFO: main: >>>>>> stage Prepare base model started <<<<<<]
[2024-09-11 21:46:59,793: INFO: common: yaml file: config\config.yaml loaded successfully]
[2024-09-11 21:46:59,797: INFO: common: yaml file: params.yaml loaded successfully]
[2024-09-11 21:46:59,798: INFO: common: created directory at: artifacts]
[2024-09-11 21:46:59,799: INFO: common: created directory at: artifacts/prepare_base_model]
[2024-09-11 21:47:00,701: WARNING: saving_utils: Compiled the loaded model, but the compiled metrics have yet to be built. `model.compile_metrics` will be empty until you train or evaluate the model.]
[2024-09-11 21:47:01,017: INFO: main: >>>>>> stage Prepare base model completed <<<<<<

x==========x]
[2024-09-11 21:47:01,018: INFO: main: *******************]
[2024-09-11 21:47:01,019: INFO: main: >>>>>> stage Training started <<<<<<]
[2024-09-11 21:47:01,022: INFO: common: yaml file: config\config.yaml loaded successfully]
[2024-09-11 21:47:01,025: INFO: common: yaml file: params.yaml loaded successfully]
[2024-09-11 21:47:01,028: INFO: common: created directory at: artifacts]
[2024-09-11 21:47:01,030: INFO: common: created directory at: artifacts\training]
[2024-09-11 22:27:34,551: INFO: main: >>>>>> stage Training completed <<<<<<

x==========x]
[2024-09-12 14:52:12,073: INFO: common: yaml file: config\config.yaml loaded successfully]
[2024-09-12 14:52:12,091: INFO: common: yaml file: params.yaml loaded successfully]
[2024-09-12 14:52:12,094: INFO: common: created directory at: artifacts]
[2024-09-12 14:55:53,627: INFO: common: yaml file: config\config.yaml loaded successfully]
[2024-09-12 14:55:53,647: INFO: common: yaml file: params.yaml loaded successfully]
[2024-09-12 14:55:53,650: INFO: common: created directory at: artifacts]
[2024-09-12 15:00:52,518: INFO: common: yaml file: config\config.yaml loaded successfully]
[2024-09-12 15:00:52,524: INFO: common: yaml file: params.yaml loaded successfully]
[2024-09-12 15:00:52,527: INFO: common: created directory at: artifacts]
[2024-09-12 15:06:43,550: INFO: common: yaml file: config\config.yaml loaded successfully]
[2024-09-12 15:06:43,558: INFO: common: yaml file: params.yaml loaded successfully]
[2024-09-12 15:06:43,561: INFO: common: created directory at: artifacts]
[2024-09-12 15:41:39,576: INFO: main: >>>>>> stage Data Ingestion Stage started <<<<<<]
[2024-09-12 15:41:39,580: INFO: common: yaml file: config\config.yaml loaded successfully]
[2024-09-12 15:41:39,583: INFO: common: yaml file: params.yaml loaded successfully]
[2024-09-12 15:41:39,584: INFO: common: created directory at: artifacts]
[2024-09-12 15:41:39,585: INFO: common: created directory at: artifacts/data_ingestion]
[2024-09-12 15:41:39,586: INFO: data_ingestion: Downloading data from https://drive.google.com/file/d/1eofOgcNdACgYHW_yu7G12C_DSwjSoB_2/view?usp=sharing into file artifacts/data_ingestion/data.zip]
[2024-09-12 15:45:02,585: INFO: data_ingestion: Downloaded data from https://drive.google.com/file/d/1eofOgcNdACgYHW_yu7G12C_DSwjSoB_2/view?usp=sharing into file artifacts/data_ingestion/data.zip]
[2024-09-12 15:45:19,703: INFO: main: >>>>>> stage Data Ingestion Stage completed <<<<<<

x==========x]
[2024-09-12 15:45:19,704: INFO: main: *******************]
[2024-09-12 15:45:19,704: INFO: main: >>>>>> stage Prepare base model started <<<<<<]
[2024-09-12 15:45:19,708: INFO: common: yaml file: config\config.yaml loaded successfully]
[2024-09-12 15:45:19,711: INFO: common: yaml file: params.yaml loaded successfully]
[2024-09-12 15:45:19,713: INFO: common: created directory at: artifacts]
[2024-09-12 15:45:19,714: INFO: common: created directory at: artifacts/prepare_base_model]
[2024-09-12 15:45:20,663: WARNING: saving_utils: Compiled the loaded model, but the compiled metrics have yet to be built. `model.compile_metrics` will be empty until you train or evaluate the model.]
[2024-09-12 15:45:21,005: INFO: main: >>>>>> stage Prepare base model completed <<<<<<

x==========x]
[2024-09-12 15:45:21,005: INFO: main: *******************]
[2024-09-12 15:45:21,006: INFO: main: >>>>>> stage Training started <<<<<<]
[2024-09-12 15:45:21,009: INFO: common: yaml file: config\config.yaml loaded successfully]
[2024-09-12 15:45:21,011: INFO: common: yaml file: params.yaml loaded successfully]
[2024-09-12 15:45:21,012: INFO: common: created directory at: artifacts]
[2024-09-12 15:45:21,014: INFO: common: created directory at: artifacts\training]
[2024-09-12 16:27:01,146: INFO: main: >>>>>> stage Training completed <<<<<<

x==========x]
[2024-09-12 16:27:01,149: INFO: main: *******************]
[2024-09-12 16:27:01,150: INFO: main: >>>>>> stage Evaluation stage started <<<<<<]
[2024-09-12 16:27:01,160: INFO: common: yaml file: config\config.yaml loaded successfully]
[2024-09-12 16:27:01,167: INFO: common: yaml file: params.yaml loaded successfully]
[2024-09-12 16:27:01,169: INFO: common: created directory at: artifacts]
[2024-09-12 16:39:22,534: INFO: common: json file saved at: scores.json]
[2024-09-12 16:39:22,535: INFO: common: json file saved at: scores.json]
[2024-09-12 16:39:22,536: INFO: main: >>>>>> stage Evaluation stage completed <<<<<<

x==========x]
[2024-09-12 20:44:22,421: INFO: stage_01_data_ingestions: >>>>>> stage Data Ingestion Stage started <<<<<<]
[2024-09-12 20:44:22,425: INFO: common: yaml file: config\config.yaml loaded successfully]
[2024-09-12 20:44:22,431: INFO: common: yaml file: params.yaml loaded successfully]
[2024-09-12 20:44:22,431: INFO: common: created directory at: artifacts]
[2024-09-12 20:44:22,431: INFO: common: created directory at: artifacts/data_ingestion]
[2024-09-12 20:44:22,432: INFO: data_ingestion: Downloading data from https://drive.google.com/file/d/1eofOgcNdACgYHW_yu7G12C_DSwjSoB_2/view?usp=sharing into file artifacts/data_ingestion/data.zip]
[2024-09-12 20:48:00,522: INFO: data_ingestion: Downloaded data from https://drive.google.com/file/d/1eofOgcNdACgYHW_yu7G12C_DSwjSoB_2/view?usp=sharing into file artifacts/data_ingestion/data.zip]
[2024-09-12 20:48:13,995: INFO: stage_01_data_ingestions: >>>>>> stage Data Ingestion Stage completed <<<<<<

x==========x]
[2024-09-12 20:51:14,821: INFO: stage_02_prepare_base_model: *******************]
[2024-09-12 20:51:14,822: INFO: stage_02_prepare_base_model: >>>>>> stage Prepare base model started <<<<<<]
[2024-09-12 20:51:14,825: INFO: common: yaml file: config\config.yaml loaded successfully]
[2024-09-12 20:51:14,830: INFO: common: yaml file: params.yaml loaded successfully]
[2024-09-12 20:51:14,832: INFO: common: created directory at: artifacts]
[2024-09-12 20:51:14,833: INFO: common: created directory at: artifacts/prepare_base_model]
[2024-09-12 20:51:15,898: WARNING: saving_utils: Compiled the loaded model, but the compiled metrics have yet to be built. `model.compile_metrics` will be empty until you train or evaluate the model.]
[2024-09-12 20:51:16,527: INFO: stage_02_prepare_base_model: >>>>>> stage Prepare base model completed <<<<<<

x==========x]
[2024-09-12 20:51:31,827: INFO: stage_03_model_training: *******************]
[2024-09-12 20:51:31,827: INFO: stage_03_model_training: >>>>>> stage Training started <<<<<<]
[2024-09-12 20:51:31,831: INFO: common: yaml file: config\config.yaml loaded successfully]
[2024-09-12 20:51:31,835: INFO: common: yaml file: params.yaml loaded successfully]
[2024-09-12 20:51:31,836: INFO: common: created directory at: artifacts]
[2024-09-12 20:51:31,837: INFO: common: created directory at: artifacts\training]
[2024-09-12 21:39:13,042: INFO: stage_03_model_training: >>>>>> stage Training completed <<<<<<

x==========x]
[2024-09-12 21:40:12,280: INFO: stage_04_model_evaluation: *******************]
[2024-09-12 21:40:12,292: INFO: stage_04_model_evaluation: >>>>>> stage Evaluation stage started <<<<<<]
[2024-09-12 21:40:12,300: INFO: common: yaml file: config\config.yaml loaded successfully]
[2024-09-12 21:40:12,311: INFO: common: yaml file: params.yaml loaded successfully]
[2024-09-12 21:40:12,312: INFO: common: created directory at: artifacts]
[2024-09-12 21:52:41,440: INFO: common: json file saved at: scores.json]
[2024-09-12 21:52:41,444: INFO: common: json file saved at: scores.json]
[2024-09-12 21:52:44,336: WARNING: save: Found untraced functions such as _jit_compiled_convolution_op, _jit_compiled_convolution_op, _jit_compiled_convolution_op, _jit_compiled_convolution_op, _jit_compiled_convolution_op while saving (showing 5 of 14). These functions will not be directly callable after loading.]
[2024-09-12 21:52:45,579: INFO: builder_impl: Assets written to: C:\Users\sakib\AppData\Local\Temp\tmp76hdsf_x\model\data\model\assets]
[2024-09-12 21:52:59,963: INFO: dir_util: creating E:\Data Science project\Kidney-Diseases-Classification-MLFLOW\mlruns\0\5e4c87356ce04106be85a6cd28c5f64d\artifacts\model\data]
[2024-09-12 21:52:59,965: INFO: dir_util: creating E:\Data Science project\Kidney-Diseases-Classification-MLFLOW\mlruns\0\5e4c87356ce04106be85a6cd28c5f64d\artifacts\model\data\model]
[2024-09-12 21:52:59,966: INFO: dir_util: creating E:\Data Science project\Kidney-Diseases-Classification-MLFLOW\mlruns\0\5e4c87356ce04106be85a6cd28c5f64d\artifacts\model\data\model\assets]
[2024-09-12 21:52:59,972: INFO: dir_util: creating E:\Data Science project\Kidney-Diseases-Classification-MLFLOW\mlruns\0\5e4c87356ce04106be85a6cd28c5f64d\artifacts\model\data\model\variables]
[2024-09-12 21:53:00,133: INFO: stage_04_model_evaluation: >>>>>> stage Evaluation stage completed <<<<<<

x==========x]
[2024-09-12 23:24:39,219: INFO: _internal: [31m[1mWARNING: This is a development server. Do not use it in a production deployment. Use a production WSGI server instead.[0m
 * Running on all addresses (0.0.0.0)
 * Running on http://127.0.0.1:8080
 * Running on http://192.168.0.101:8080]
[2024-09-12 23:24:39,220: INFO: _internal: [33mPress CTRL+C to quit[0m]
[2024-09-12 23:25:35,013: INFO: _internal: 192.168.0.101 - - [12/Sep/2024 23:25:35] "GET / HTTP/1.1" 200 -]
[2024-09-12 23:25:54,214: INFO: _internal: 127.0.0.1 - - [12/Sep/2024 23:25:54] "GET / HTTP/1.1" 200 -]
[2024-09-12 23:26:48,764: INFO: _internal: 127.0.0.1 - - [12/Sep/2024 23:26:48] "GET / HTTP/1.1" 200 -]
[2024-09-12 23:27:21,808: ERROR: app: Exception on /predict [POST]]
Traceback (most recent call last):
  File "C:\Users\sakib\anaconda3\envs\kidney\lib\site-packages\flask\app.py", line 2190, in wsgi_app
    response = self.full_dispatch_request()
  File "C:\Users\sakib\anaconda3\envs\kidney\lib\site-packages\flask\app.py", line 1486, in full_dispatch_request
    rv = self.handle_user_exception(e)
  File "C:\Users\sakib\anaconda3\envs\kidney\lib\site-packages\flask_cors\extension.py", line 194, in wrapped_function
    return cors_after_request(app.make_response(f(*args, **kwargs)))
  File "C:\Users\sakib\anaconda3\envs\kidney\lib\site-packages\flask\app.py", line 1484, in full_dispatch_request
    rv = self.dispatch_request()
  File "C:\Users\sakib\anaconda3\envs\kidney\lib\site-packages\flask\app.py", line 1469, in dispatch_request
    return self.ensure_sync(self.view_functions[rule.endpoint])(**view_args)
  File "C:\Users\sakib\anaconda3\envs\kidney\lib\site-packages\flask_cors\decorator.py", line 130, in wrapped_function
    resp = make_response(f(*args, **kwargs))
  File "app.py", line 39, in predictRoute
    result = clApp.classifier.predict()
  File "e:\data science project\kidney-diseases-classification-mlflow\src\cnnClassifier\pipeline\prediction.py", line 14, in predict
    model = load_model(os.path.join("model", "model.h5"))
  File "C:\Users\sakib\anaconda3\envs\kidney\lib\site-packages\keras\saving\saving_api.py", line 212, in load_model
    return legacy_sm_saving_lib.load_model(
  File "C:\Users\sakib\anaconda3\envs\kidney\lib\site-packages\keras\utils\traceback_utils.py", line 70, in error_handler
    raise e.with_traceback(filtered_tb) from None
  File "C:\Users\sakib\anaconda3\envs\kidney\lib\site-packages\keras\saving\legacy\save.py", line 230, in load_model
    raise IOError(
OSError: No file or directory found at model\model.h5
[2024-09-12 23:27:21,821: INFO: _internal: 127.0.0.1 - - [12/Sep/2024 23:27:21] "[35m[1mPOST /predict HTTP/1.1[0m" 500 -]
[2024-09-12 23:28:03,525: INFO: _internal: 127.0.0.1 - - [12/Sep/2024 23:28:03] "GET / HTTP/1.1" 200 -]
[2024-09-12 23:29:46,728: INFO: _internal: [31m[1mWARNING: This is a development server. Do not use it in a production deployment. Use a production WSGI server instead.[0m
 * Running on all addresses (0.0.0.0)
 * Running on http://127.0.0.1:8080
 * Running on http://192.168.0.101:8080]
[2024-09-12 23:29:46,729: INFO: _internal: [33mPress CTRL+C to quit[0m]
[2024-09-12 23:29:50,308: INFO: _internal: 127.0.0.1 - - [12/Sep/2024 23:29:50] "GET / HTTP/1.1" 200 -]
[2024-09-12 23:30:03,412: INFO: _internal: 127.0.0.1 - - [12/Sep/2024 23:30:03] "POST /predict HTTP/1.1" 200 -]
[2024-09-12 23:30:24,910: INFO: _internal: 127.0.0.1 - - [12/Sep/2024 23:30:24] "POST /predict HTTP/1.1" 200 -]
[2024-09-12 23:30:28,288: INFO: _internal: 127.0.0.1 - - [12/Sep/2024 23:30:28] "POST /predict HTTP/1.1" 200 -]
[2024-09-12 23:30:39,202: INFO: _internal: 127.0.0.1 - - [12/Sep/2024 23:30:39] "POST /predict HTTP/1.1" 200 -]
[2024-09-12 23:31:07,720: WARNING: polymorphic_function: 5 out of the last 5 calls to <function Model.make_predict_function.<locals>.predict_function at 0x0000027A517F3550> triggered tf.function retracing. Tracing is expensive and the excessive number of tracings could be due to (1) creating @tf.function repeatedly in a loop, (2) passing tensors with different shapes, (3) passing Python objects instead of tensors. For (1), please define your @tf.function outside of the loop. For (2), @tf.function has reduce_retracing=True option that can avoid unnecessary retracing. For (3), please refer to https://www.tensorflow.org/guide/function#controlling_retracing and https://www.tensorflow.org/api_docs/python/tf/function for  more details.]
[2024-09-12 23:31:07,725: INFO: _internal: 127.0.0.1 - - [12/Sep/2024 23:31:07] "POST /predict HTTP/1.1" 200 -]
[2024-09-12 23:59:42,932: INFO: _internal: [31m[1mWARNING: This is a development server. Do not use it in a production deployment. Use a production WSGI server instead.[0m
 * Running on all addresses (0.0.0.0)
 * Running on http://127.0.0.1:8080
 * Running on http://192.168.0.101:8080]
[2024-09-12 23:59:42,933: INFO: _internal: [33mPress CTRL+C to quit[0m]
[2024-09-13 00:01:17,054: INFO: _internal: 127.0.0.1 - - [13/Sep/2024 00:01:17] "GET / HTTP/1.1" 200 -]
[2024-09-13 00:01:26,297: INFO: _internal: 127.0.0.1 - - [13/Sep/2024 00:01:26] "GET / HTTP/1.1" 200 -]
[2024-09-13 00:01:33,953: INFO: _internal: 127.0.0.1 - - [13/Sep/2024 00:01:33] "POST /predict HTTP/1.1" 200 -]
[2024-09-13 00:01:52,469: INFO: _internal: 127.0.0.1 - - [13/Sep/2024 00:01:52] "POST /predict HTTP/1.1" 200 -]
